mode: set
github.com/oskarpedosk/baltijas-kauss/internal/handlers/handlers.go:24.47,28.2 1 1
github.com/oskarpedosk/baltijas-kauss/internal/handlers/handlers.go:31.33,33.2 1 1
github.com/oskarpedosk/baltijas-kauss/internal/handlers/handlers.go:35.69,37.2 1 1
github.com/oskarpedosk/baltijas-kauss/internal/handlers/handlers.go:39.70,44.2 3 1
github.com/oskarpedosk/baltijas-kauss/internal/handlers/handlers.go:46.73,54.2 4 1
github.com/oskarpedosk/baltijas-kauss/internal/handlers/handlers.go:56.71,65.2 4 1
github.com/oskarpedosk/baltijas-kauss/internal/handlers/handlers.go:67.75,69.16 2 1
github.com/oskarpedosk/baltijas-kauss/internal/handlers/handlers.go:74.2,87.19 5 1
github.com/oskarpedosk/baltijas-kauss/internal/handlers/handlers.go:98.2,100.68 2 0
github.com/oskarpedosk/baltijas-kauss/internal/handlers/handlers.go:69.16,72.3 2 0
github.com/oskarpedosk/baltijas-kauss/internal/handlers/handlers.go:87.19,96.3 4 1
github.com/oskarpedosk/baltijas-kauss/internal/handlers/handlers.go:115.87,122.16 3 1
github.com/oskarpedosk/baltijas-kauss/internal/handlers/handlers.go:126.2,127.14 2 1
github.com/oskarpedosk/baltijas-kauss/internal/handlers/handlers.go:122.16,124.3 1 0
github.com/oskarpedosk/baltijas-kauss/internal/handlers/handlers.go:130.81,132.9 2 1
github.com/oskarpedosk/baltijas-kauss/internal/handlers/handlers.go:139.2,145.4 4 0
github.com/oskarpedosk/baltijas-kauss/internal/handlers/handlers.go:132.9,137.3 4 1
github.com/oskarpedosk/baltijas-kauss/internal/handlers/handlers.go:148.73,150.2 1 1
github.com/oskarpedosk/baltijas-kauss/internal/handlers/handlers.go:152.77,158.2 5 1
